<?xml version='1.0' encoding='UTF-8'?>
<testsuite hostname="75a952f9d0d5" name="AddTester" tests="1" errors="0" failures="0" skipped="0" time="1.411" timestamp="2023-12-20T14:49:39">
                     <properties>
[...]
</properties>
                     <testcase classname="AddTester" name="Add should work" time="1.411">
                                                 
                                               </testcase>
                     <system-out><![CDATA[]]></system-out>
                     <system-err><![CDATA[]]></system-err>
                   </testsuite>